[debug] [2022-08-29T11:15:16.187Z] ----------------------------------------------------------------------
[debug] [2022-08-29T11:15:16.191Z] Command:       C:\Program Files\nodejs\node.exe C:\Users\Onkar Birajdar\AppData\Roaming\npm\node_modules\firebase-tools\lib\bin\firebase.js emulators:start
[debug] [2022-08-29T11:15:16.192Z] CLI Version:   11.8.0
[debug] [2022-08-29T11:15:16.193Z] Platform:      win32
[debug] [2022-08-29T11:15:16.193Z] Node Version:  v16.14.2
[debug] [2022-08-29T11:15:16.201Z] Time:          Mon Aug 29 2022 16:45:16 GMT+0530 (India Standard Time)
[debug] [2022-08-29T11:15:16.202Z] ----------------------------------------------------------------------
[debug] 
[debug] [2022-08-29T11:15:16.330Z] > command requires scopes: ["email","openid","https://www.googleapis.com/auth/cloudplatformprojects.readonly","https://www.googleapis.com/auth/firebase","https://www.googleapis.com/auth/cloud-platform"]
[debug] [2022-08-29T11:15:16.331Z] > authorizing via signed-in user (ombirajdar1947@gmail.com)
[info] i  emulators: Starting emulators: functions, hosting {"metadata":{"emulator":{"name":"hub"},"message":"Starting emulators: functions, hosting"}}
[debug] [2022-08-29T11:15:16.467Z] [hub] writing locator at C:\Users\ONKARB~1\AppData\Local\Temp\hub-clone-clash-coder-3d740.json
[warn] !  functions: The following emulators are not running, calls to these services from the Functions emulator will affect production: auth, firestore, database, pubsub, storage, eventarc {"metadata":{"emulator":{"name":"functions"},"message":"The following emulators are not running, calls to these services from the Functions emulator will affect production: \u001b[1mauth, firestore, database, pubsub, storage, eventarc\u001b[22m"}}
[info] +  functions: Using node@16 from host. {"metadata":{"emulator":{"name":"functions"},"message":"Using node@16 from host."}}
[debug] [2022-08-29T11:15:16.555Z] defaultcredentials: writing to file C:\Users\Onkar Birajdar\AppData\Roaming\firebase\ombirajdar1947_gmail_com_application_default_credentials.json
[debug] [2022-08-29T11:15:16.558Z] Setting GAC to C:\Users\Onkar Birajdar\AppData\Roaming\firebase\ombirajdar1947_gmail_com_application_default_credentials.json {"metadata":{"emulator":{"name":"functions"},"message":"Setting GAC to C:\\Users\\Onkar Birajdar\\AppData\\Roaming\\firebase\\ombirajdar1947_gmail_com_application_default_credentials.json"}}
[debug] [2022-08-29T11:15:16.561Z] >>> [apiv2][query] GET https://firebase.googleapis.com/v1beta1/projects/clone-clash-coder-3d740/adminSdkConfig [none]
[debug] [2022-08-29T11:15:18.191Z] <<< [apiv2][status] GET https://firebase.googleapis.com/v1beta1/projects/clone-clash-coder-3d740/adminSdkConfig 200
[debug] [2022-08-29T11:15:18.191Z] <<< [apiv2][body] GET https://firebase.googleapis.com/v1beta1/projects/clone-clash-coder-3d740/adminSdkConfig {"projectId":"clone-clash-coder-3d740","storageBucket":"clone-clash-coder-3d740.appspot.com","locationId":"asia-southeast1"}
[debug] [2022-08-29T11:15:18.217Z] >>> [apiv2][query] GET https://firebasehosting.googleapis.com/v1beta1/projects/clone-clash-coder-3d740/sites 
[debug] [2022-08-29T11:15:21.733Z] <<< [apiv2][status] GET https://firebasehosting.googleapis.com/v1beta1/projects/clone-clash-coder-3d740/sites 200
[debug] [2022-08-29T11:15:21.734Z] <<< [apiv2][body] GET https://firebasehosting.googleapis.com/v1beta1/projects/clone-clash-coder-3d740/sites {"sites":[{"name":"projects/clone-clash-coder-3d740/sites/clone-clash-coder-3d740","defaultUrl":"https://clone-clash-coder-3d740.web.app","appId":"1:302347733586:web:9dbf2b5aa8913e9c7aad8b","type":"DEFAULT_SITE"}]}
[debug] [2022-08-29T11:15:21.734Z] >>> [apiv2][query] GET https://firebase.googleapis.com/v1beta1/projects/clone-clash-coder-3d740/webApps/1:302347733586:web:9dbf2b5aa8913e9c7aad8b/config [none]
[debug] [2022-08-29T11:15:24.908Z] <<< [apiv2][status] GET https://firebase.googleapis.com/v1beta1/projects/clone-clash-coder-3d740/webApps/1:302347733586:web:9dbf2b5aa8913e9c7aad8b/config 200
[debug] [2022-08-29T11:15:24.909Z] <<< [apiv2][body] GET https://firebase.googleapis.com/v1beta1/projects/clone-clash-coder-3d740/webApps/1:302347733586:web:9dbf2b5aa8913e9c7aad8b/config {"projectId":"clone-clash-coder-3d740","appId":"1:302347733586:web:9dbf2b5aa8913e9c7aad8b","storageBucket":"clone-clash-coder-3d740.appspot.com","locationId":"asia-southeast1","apiKey":"AIzaSyBZbsGeSCKk9xwSnrwWUvAeNqas39GCKVA","authDomain":"clone-clash-coder-3d740.firebaseapp.com","messagingSenderId":"302347733586","measurementId":"G-PTXHTR9RLX"}
[info] i  hosting: Serving hosting files from: build {"metadata":{"emulator":{"name":"hosting"},"message":"Serving hosting files from: \u001b[1mbuild\u001b[22m"}}
[info] +  hosting: Local server: http://localhost:5000 {"metadata":{"emulator":{"name":"hosting"},"message":"Local server: \u001b[4m\u001b[1mhttp://localhost:5000\u001b[22m\u001b[24m"}}
[debug] [2022-08-29T11:15:24.951Z] Ignoring unsupported arg: auto_download {"metadata":{"emulator":{"name":"ui"},"message":"Ignoring unsupported arg: auto_download"}}
[debug] [2022-08-29T11:15:24.952Z] Ignoring unsupported arg: port {"metadata":{"emulator":{"name":"ui"},"message":"Ignoring unsupported arg: port"}}
[debug] [2022-08-29T11:15:24.952Z] Starting Emulator UI with command {"binary":"node","args":["C:\\Users\\Onkar Birajdar\\.cache\\firebase\\emulators\\ui-v1.9.0\\server\\server.js"],"optionalArgs":[],"joinArgs":false} {"metadata":{"emulator":{"name":"ui"},"message":"Starting Emulator UI with command {\"binary\":\"node\",\"args\":[\"C:\\\\Users\\\\Onkar Birajdar\\\\.cache\\\\firebase\\\\emulators\\\\ui-v1.9.0\\\\server\\\\server.js\"],\"optionalArgs\":[],\"joinArgs\":false}"}}
[info] i  ui: Emulator UI logging to ui-debug.log {"metadata":{"emulator":{"name":"ui"},"message":"Emulator UI logging to \u001b[1mui-debug.log\u001b[22m"}}
[debug] [2022-08-29T11:15:25.161Z] Web / API server started at localhost:4000
 {"metadata":{"emulator":{"name":"ui"},"message":"Web / API server started at localhost:4000\n"}}
[info] i  functions: Watching "C:\Users\Onkar Birajdar\Desktop\WebDev Project\Amazon-clone\functions" for Cloud Functions... {"metadata":{"emulator":{"name":"functions"},"message":"Watching \"C:\\Users\\Onkar Birajdar\\Desktop\\WebDev Project\\Amazon-clone\\functions\" for Cloud Functions..."}}
[debug] [2022-08-29T11:15:25.231Z] Validating nodejs source
[debug] [2022-08-29T11:15:29.594Z] > [functions] package.json contents: {
  "name": "functions",
  "description": "Cloud Functions for Firebase",
  "scripts": {
    "lint": "eslint .",
    "serve": "firebase emulators:start --only functions",
    "shell": "firebase functions:shell",
    "start": "npm run shell",
    "deploy": "firebase deploy --only functions",
    "logs": "firebase functions:log"
  },
  "engines": {
    "node": "16"
  },
  "main": "index.js",
  "dependencies": {
    "cors": "^2.8.5",
    "express": "^4.18.1",
    "firebase": "^9.9.3",
    "firebase-admin": "^10.0.2",
    "firebase-functions": "^3.22.0",
    "stripe": "^10.6.0"
  },
  "devDependencies": {
    "eslint": "^8.9.0",
    "eslint-config-google": "^0.14.0",
    "firebase-functions-test": "^0.2.0"
  },
  "private": true
}
[debug] [2022-08-29T11:15:29.595Z] Building nodejs source
[debug] [2022-08-29T11:15:29.595Z] Analyzing nodejs backend spec
[debug] [2022-08-29T11:15:29.596Z] Could not find functions.yaml. Must use http discovery
[debug] [2022-08-29T11:15:30.069Z] Serving at port 9005

[debug] [2022-08-29T11:15:30.344Z] Got response from /__/functions.yaml {"endpoints":{"api":{"platform":"gcfv1","httpsTrigger":{},"entryPoint":"api"}},"specVersion":"v1alpha1","requiredAPIs":[]}
[debug] [2022-08-29T11:15:30.361Z] shutdown requested via /__/quitquitquit

[info] +  functions: Loaded functions definitions from source: api. {"metadata":{"emulator":{"name":"functions"},"message":"Loaded functions definitions from source: api."}}
[info] +  functions[us-central1-api]: http function initialized (http://localhost:5001/clone-clash-coder-3d740/us-central1/api). {"metadata":{"emulator":{"name":"functions"},"message":"\u001b[1mhttp\u001b[22m function initialized (http://localhost:5001/clone-clash-coder-3d740/us-central1/api)."}}
[info] 
┌─────────────────────────────────────────────────────────────┐
│ ✔  All emulators ready! It is now safe to connect your app. │
│ i  View Emulator UI at http://localhost:4000                │
└─────────────────────────────────────────────────────────────┘

┌───────────┬────────────────┬─────────────────────────────────┐
│ Emulator  │ Host:Port      │ View in Emulator UI             │
├───────────┼────────────────┼─────────────────────────────────┤
│ Functions │ localhost:5001 │ http://localhost:4000/functions │
├───────────┼────────────────┼─────────────────────────────────┤
│ Hosting   │ localhost:5000 │ n/a                             │
└───────────┴────────────────┴─────────────────────────────────┘
  Emulator Hub running at localhost:4400
  Other reserved ports: 4500

Issues? Report them at https://github.com/firebase/firebase-tools/issues and attach the *-debug.log files.
 
[debug] [2022-08-29T11:15:48.504Z] [work-queue] {"queueLength":1,"workRunningCount":0}
[debug] [2022-08-29T11:15:48.504Z] [work-queue] {"queueLength":0,"workRunningCount":1}
[debug] [2022-08-29T11:15:48.505Z] Accepted request POST /clone-clash-coder-3d740/us-central1/api/payment/create?total=75288 --> us-central1-api
[debug] [2022-08-29T11:15:48.524Z] [worker-pool] addWorker(us-central1-api) {"metadata":{"emulator":{"name":"functions"},"message":"[worker-pool] addWorker(us-central1-api)"}}
[debug] [2022-08-29T11:15:48.525Z] [worker-pool] Adding worker with key us-central1-api, total=1 {"metadata":{"emulator":{"name":"functions"},"message":"[worker-pool] Adding worker with key us-central1-api, total=1"}}
[debug] [2022-08-29T11:15:48.525Z] [worker-pool] submitWork(triggerId=us-central1-api) {"metadata":{"emulator":{"name":"functions"},"message":"[worker-pool] submitWork(triggerId=us-central1-api)"}}
[debug] [2022-08-29T11:15:48.526Z] [worker-us-central1-api-e3fd8d82-6977-4a53-a79d-4d2b7e2c34a4]: BUSY {"metadata":{"emulator":{"name":"functions"},"message":"[worker-us-central1-api-e3fd8d82-6977-4a53-a79d-4d2b7e2c34a4]: BUSY"}}
[debug] [2022-08-29T11:15:48.531Z] [work-queue] {"queueLength":1,"workRunningCount":1}
[debug] [2022-08-29T11:15:48.531Z] [work-queue] {"queueLength":0,"workRunningCount":2}
[debug] [2022-08-29T11:15:48.532Z] Accepted request POST /clone-clash-coder-3d740/us-central1/api/payment/create?total=75288 --> us-central1-api
[debug] [2022-08-29T11:15:48.571Z] [worker-pool] addWorker(us-central1-api) {"metadata":{"emulator":{"name":"functions"},"message":"[worker-pool] addWorker(us-central1-api)"}}
[debug] [2022-08-29T11:15:48.571Z] [worker-pool] Adding worker with key us-central1-api, total=2 {"metadata":{"emulator":{"name":"functions"},"message":"[worker-pool] Adding worker with key us-central1-api, total=2"}}
[debug] [2022-08-29T11:15:48.571Z] [worker-pool] submitWork(triggerId=us-central1-api) {"metadata":{"emulator":{"name":"functions"},"message":"[worker-pool] submitWork(triggerId=us-central1-api)"}}
[debug] [2022-08-29T11:15:48.572Z] [worker-us-central1-api-867451aa-5243-43dd-b152-39e4aa8efc1a]: BUSY {"metadata":{"emulator":{"name":"functions"},"message":"[worker-us-central1-api-867451aa-5243-43dd-b152-39e4aa8efc1a]: BUSY"}}
[debug] [2022-08-29T11:15:52.855Z] [runtime-status] [4564] Resolved module firebase-admin {"declared":true,"installed":true,"version":"10.3.0","resolution":"C:\\Users\\Onkar Birajdar\\Desktop\\WebDev Project\\Amazon-clone\\functions\\node_modules\\firebase-admin\\lib\\index.js"} {"metadata":{"emulator":{"name":"functions"},"function":{"name":"us-central1-api"},"extension":{},"message":"[runtime-status] [4564] Resolved module firebase-admin {\"declared\":true,\"installed\":true,\"version\":\"10.3.0\",\"resolution\":\"C:\\\\Users\\\\Onkar Birajdar\\\\Desktop\\\\WebDev Project\\\\Amazon-clone\\\\functions\\\\node_modules\\\\firebase-admin\\\\lib\\\\index.js\"}"}}
[debug] [2022-08-29T11:15:52.859Z] [runtime-status] [4564] Resolved module firebase-functions {"declared":true,"installed":true,"version":"3.22.0","resolution":"C:\\Users\\Onkar Birajdar\\Desktop\\WebDev Project\\Amazon-clone\\functions\\node_modules\\firebase-functions\\lib\\index.js"} {"metadata":{"emulator":{"name":"functions"},"function":{"name":"us-central1-api"},"extension":{},"message":"[runtime-status] [4564] Resolved module firebase-functions {\"declared\":true,\"installed\":true,\"version\":\"3.22.0\",\"resolution\":\"C:\\\\Users\\\\Onkar Birajdar\\\\Desktop\\\\WebDev Project\\\\Amazon-clone\\\\functions\\\\node_modules\\\\firebase-functions\\\\lib\\\\index.js\"}"}}
[debug] [2022-08-29T11:15:52.860Z] [runtime-status] [4564] Outgoing network have been stubbed. [{"name":"http","status":"mocked"},{"name":"http","status":"mocked"},{"name":"https","status":"mocked"},{"name":"https","status":"mocked"},{"name":"net","status":"mocked"}] {"metadata":{"emulator":{"name":"functions"},"function":{"name":"us-central1-api"},"extension":{},"message":"[runtime-status] [4564] Outgoing network have been stubbed. [{\"name\":\"http\",\"status\":\"mocked\"},{\"name\":\"http\",\"status\":\"mocked\"},{\"name\":\"https\",\"status\":\"mocked\"},{\"name\":\"https\",\"status\":\"mocked\"},{\"name\":\"net\",\"status\":\"mocked\"}]"}}
[debug] [2022-08-29T11:15:52.862Z] [runtime-status] [4564] Resolved module firebase-functions {"declared":true,"installed":true,"version":"3.22.0","resolution":"C:\\Users\\Onkar Birajdar\\Desktop\\WebDev Project\\Amazon-clone\\functions\\node_modules\\firebase-functions\\lib\\index.js"} {"metadata":{"emulator":{"name":"functions"},"function":{"name":"us-central1-api"},"extension":{},"message":"[runtime-status] [4564] Resolved module firebase-functions {\"declared\":true,\"installed\":true,\"version\":\"3.22.0\",\"resolution\":\"C:\\\\Users\\\\Onkar Birajdar\\\\Desktop\\\\WebDev Project\\\\Amazon-clone\\\\functions\\\\node_modules\\\\firebase-functions\\\\lib\\\\index.js\"}"}}
[debug] [2022-08-29T11:15:52.864Z] [runtime-status] [12360] Resolved module firebase-admin {"declared":true,"installed":true,"version":"10.3.0","resolution":"C:\\Users\\Onkar Birajdar\\Desktop\\WebDev Project\\Amazon-clone\\functions\\node_modules\\firebase-admin\\lib\\index.js"} {"metadata":{"emulator":{"name":"functions"},"function":{"name":"us-central1-api"},"extension":{},"message":"[runtime-status] [12360] Resolved module firebase-admin {\"declared\":true,\"installed\":true,\"version\":\"10.3.0\",\"resolution\":\"C:\\\\Users\\\\Onkar Birajdar\\\\Desktop\\\\WebDev Project\\\\Amazon-clone\\\\functions\\\\node_modules\\\\firebase-admin\\\\lib\\\\index.js\"}"}}
[debug] [2022-08-29T11:15:52.871Z] [runtime-status] [12360] Resolved module firebase-functions {"declared":true,"installed":true,"version":"3.22.0","resolution":"C:\\Users\\Onkar Birajdar\\Desktop\\WebDev Project\\Amazon-clone\\functions\\node_modules\\firebase-functions\\lib\\index.js"} {"metadata":{"emulator":{"name":"functions"},"function":{"name":"us-central1-api"},"extension":{},"message":"[runtime-status] [12360] Resolved module firebase-functions {\"declared\":true,\"installed\":true,\"version\":\"3.22.0\",\"resolution\":\"C:\\\\Users\\\\Onkar Birajdar\\\\Desktop\\\\WebDev Project\\\\Amazon-clone\\\\functions\\\\node_modules\\\\firebase-functions\\\\lib\\\\index.js\"}"}}
[debug] [2022-08-29T11:15:52.872Z] [runtime-status] [12360] Outgoing network have been stubbed. [{"name":"http","status":"mocked"},{"name":"http","status":"mocked"},{"name":"https","status":"mocked"},{"name":"https","status":"mocked"},{"name":"net","status":"mocked"}] {"metadata":{"emulator":{"name":"functions"},"function":{"name":"us-central1-api"},"extension":{},"message":"[runtime-status] [12360] Outgoing network have been stubbed. [{\"name\":\"http\",\"status\":\"mocked\"},{\"name\":\"http\",\"status\":\"mocked\"},{\"name\":\"https\",\"status\":\"mocked\"},{\"name\":\"https\",\"status\":\"mocked\"},{\"name\":\"net\",\"status\":\"mocked\"}]"}}
[debug] [2022-08-29T11:15:52.874Z] [runtime-status] [12360] Resolved module firebase-functions {"declared":true,"installed":true,"version":"3.22.0","resolution":"C:\\Users\\Onkar Birajdar\\Desktop\\WebDev Project\\Amazon-clone\\functions\\node_modules\\firebase-functions\\lib\\index.js"} {"metadata":{"emulator":{"name":"functions"},"function":{"name":"us-central1-api"},"extension":{},"message":"[runtime-status] [12360] Resolved module firebase-functions {\"declared\":true,\"installed\":true,\"version\":\"3.22.0\",\"resolution\":\"C:\\\\Users\\\\Onkar Birajdar\\\\Desktop\\\\WebDev Project\\\\Amazon-clone\\\\functions\\\\node_modules\\\\firebase-functions\\\\lib\\\\index.js\"}"}}
[debug] [2022-08-29T11:15:52.972Z] [runtime-status] [12360] Checked functions.config() {"config":{}} {"metadata":{"emulator":{"name":"functions"},"function":{"name":"us-central1-api"},"extension":{},"message":"[runtime-status] [12360] Checked functions.config() {\"config\":{}}"}}
[debug] [2022-08-29T11:15:52.973Z] [runtime-status] [4564] Checked functions.config() {"config":{}} {"metadata":{"emulator":{"name":"functions"},"function":{"name":"us-central1-api"},"extension":{},"message":"[runtime-status] [4564] Checked functions.config() {\"config\":{}}"}}
[debug] [2022-08-29T11:15:52.973Z] [runtime-status] [4564] firebase-functions has been stubbed. {"functionsResolution":{"declared":true,"installed":true,"version":"3.22.0","resolution":"C:\\Users\\Onkar Birajdar\\Desktop\\WebDev Project\\Amazon-clone\\functions\\node_modules\\firebase-functions\\lib\\index.js"}} {"metadata":{"emulator":{"name":"functions"},"function":{"name":"us-central1-api"},"extension":{},"message":"[runtime-status] [4564] firebase-functions has been stubbed. {\"functionsResolution\":{\"declared\":true,\"installed\":true,\"version\":\"3.22.0\",\"resolution\":\"C:\\\\Users\\\\Onkar Birajdar\\\\Desktop\\\\WebDev Project\\\\Amazon-clone\\\\functions\\\\node_modules\\\\firebase-functions\\\\lib\\\\index.js\"}}"}}
[debug] [2022-08-29T11:15:52.974Z] [runtime-status] [12360] firebase-functions has been stubbed. {"functionsResolution":{"declared":true,"installed":true,"version":"3.22.0","resolution":"C:\\Users\\Onkar Birajdar\\Desktop\\WebDev Project\\Amazon-clone\\functions\\node_modules\\firebase-functions\\lib\\index.js"}} {"metadata":{"emulator":{"name":"functions"},"function":{"name":"us-central1-api"},"extension":{},"message":"[runtime-status] [12360] firebase-functions has been stubbed. {\"functionsResolution\":{\"declared\":true,\"installed\":true,\"version\":\"3.22.0\",\"resolution\":\"C:\\\\Users\\\\Onkar Birajdar\\\\Desktop\\\\WebDev Project\\\\Amazon-clone\\\\functions\\\\node_modules\\\\firebase-functions\\\\lib\\\\index.js\"}}"}}
[debug] [2022-08-29T11:15:52.974Z] [runtime-status] [4564] Resolved module firebase-functions {"declared":true,"installed":true,"version":"3.22.0","resolution":"C:\\Users\\Onkar Birajdar\\Desktop\\WebDev Project\\Amazon-clone\\functions\\node_modules\\firebase-functions\\lib\\index.js"} {"metadata":{"emulator":{"name":"functions"},"function":{"name":"us-central1-api"},"extension":{},"message":"[runtime-status] [4564] Resolved module firebase-functions {\"declared\":true,\"installed\":true,\"version\":\"3.22.0\",\"resolution\":\"C:\\\\Users\\\\Onkar Birajdar\\\\Desktop\\\\WebDev Project\\\\Amazon-clone\\\\functions\\\\node_modules\\\\firebase-functions\\\\lib\\\\index.js\"}"}}
[debug] [2022-08-29T11:15:52.975Z] [runtime-status] [12360] Resolved module firebase-functions {"declared":true,"installed":true,"version":"3.22.0","resolution":"C:\\Users\\Onkar Birajdar\\Desktop\\WebDev Project\\Amazon-clone\\functions\\node_modules\\firebase-functions\\lib\\index.js"} {"metadata":{"emulator":{"name":"functions"},"function":{"name":"us-central1-api"},"extension":{},"message":"[runtime-status] [12360] Resolved module firebase-functions {\"declared\":true,\"installed\":true,\"version\":\"3.22.0\",\"resolution\":\"C:\\\\Users\\\\Onkar Birajdar\\\\Desktop\\\\WebDev Project\\\\Amazon-clone\\\\functions\\\\node_modules\\\\firebase-functions\\\\lib\\\\index.js\"}"}}
[debug] [2022-08-29T11:15:52.976Z] [runtime-status] [4564] Resolved module firebase-admin {"declared":true,"installed":true,"version":"10.3.0","resolution":"C:\\Users\\Onkar Birajdar\\Desktop\\WebDev Project\\Amazon-clone\\functions\\node_modules\\firebase-admin\\lib\\index.js"} {"metadata":{"emulator":{"name":"functions"},"function":{"name":"us-central1-api"},"extension":{},"message":"[runtime-status] [4564] Resolved module firebase-admin {\"declared\":true,\"installed\":true,\"version\":\"10.3.0\",\"resolution\":\"C:\\\\Users\\\\Onkar Birajdar\\\\Desktop\\\\WebDev Project\\\\Amazon-clone\\\\functions\\\\node_modules\\\\firebase-admin\\\\lib\\\\index.js\"}"}}
[debug] [2022-08-29T11:15:52.977Z] [runtime-status] [12360] Resolved module firebase-admin {"declared":true,"installed":true,"version":"10.3.0","resolution":"C:\\Users\\Onkar Birajdar\\Desktop\\WebDev Project\\Amazon-clone\\functions\\node_modules\\firebase-admin\\lib\\index.js"} {"metadata":{"emulator":{"name":"functions"},"function":{"name":"us-central1-api"},"extension":{},"message":"[runtime-status] [12360] Resolved module firebase-admin {\"declared\":true,\"installed\":true,\"version\":\"10.3.0\",\"resolution\":\"C:\\\\Users\\\\Onkar Birajdar\\\\Desktop\\\\WebDev Project\\\\Amazon-clone\\\\functions\\\\node_modules\\\\firebase-admin\\\\lib\\\\index.js\"}"}}
[debug] [2022-08-29T11:15:52.977Z] [runtime-status] [4564] Resolved module firebase-functions {"declared":true,"installed":true,"version":"3.22.0","resolution":"C:\\Users\\Onkar Birajdar\\Desktop\\WebDev Project\\Amazon-clone\\functions\\node_modules\\firebase-functions\\lib\\index.js"} {"metadata":{"emulator":{"name":"functions"},"function":{"name":"us-central1-api"},"extension":{},"message":"[runtime-status] [4564] Resolved module firebase-functions {\"declared\":true,\"installed\":true,\"version\":\"3.22.0\",\"resolution\":\"C:\\\\Users\\\\Onkar Birajdar\\\\Desktop\\\\WebDev Project\\\\Amazon-clone\\\\functions\\\\node_modules\\\\firebase-functions\\\\lib\\\\index.js\"}"}}
[debug] [2022-08-29T11:15:52.977Z] [runtime-status] [4564] firebase-admin has been stubbed. {"adminResolution":{"declared":true,"installed":true,"version":"10.3.0","resolution":"C:\\Users\\Onkar Birajdar\\Desktop\\WebDev Project\\Amazon-clone\\functions\\node_modules\\firebase-admin\\lib\\index.js"}} {"metadata":{"emulator":{"name":"functions"},"function":{"name":"us-central1-api"},"extension":{},"message":"[runtime-status] [4564] firebase-admin has been stubbed. {\"adminResolution\":{\"declared\":true,\"installed\":true,\"version\":\"10.3.0\",\"resolution\":\"C:\\\\Users\\\\Onkar Birajdar\\\\Desktop\\\\WebDev Project\\\\Amazon-clone\\\\functions\\\\node_modules\\\\firebase-admin\\\\lib\\\\index.js\"}}"}}
[debug] [2022-08-29T11:15:52.978Z] [runtime-status] [4564] Functions runtime initialized. {"cwd":"C:\\Users\\Onkar Birajdar\\Desktop\\WebDev Project\\Amazon-clone\\functions","node_version":"16.14.2"} {"metadata":{"emulator":{"name":"functions"},"function":{"name":"us-central1-api"},"extension":{},"message":"[runtime-status] [4564] Functions runtime initialized. {\"cwd\":\"C:\\\\Users\\\\Onkar Birajdar\\\\Desktop\\\\WebDev Project\\\\Amazon-clone\\\\functions\",\"node_version\":\"16.14.2\"}"}}
[debug] [2022-08-29T11:15:52.978Z] [runtime-status] [12360] Resolved module firebase-functions {"declared":true,"installed":true,"version":"3.22.0","resolution":"C:\\Users\\Onkar Birajdar\\Desktop\\WebDev Project\\Amazon-clone\\functions\\node_modules\\firebase-functions\\lib\\index.js"} {"metadata":{"emulator":{"name":"functions"},"function":{"name":"us-central1-api"},"extension":{},"message":"[runtime-status] [12360] Resolved module firebase-functions {\"declared\":true,\"installed\":true,\"version\":\"3.22.0\",\"resolution\":\"C:\\\\Users\\\\Onkar Birajdar\\\\Desktop\\\\WebDev Project\\\\Amazon-clone\\\\functions\\\\node_modules\\\\firebase-functions\\\\lib\\\\index.js\"}"}}
[debug] [2022-08-29T11:15:52.979Z] [runtime-status] [12360] firebase-admin has been stubbed. {"adminResolution":{"declared":true,"installed":true,"version":"10.3.0","resolution":"C:\\Users\\Onkar Birajdar\\Desktop\\WebDev Project\\Amazon-clone\\functions\\node_modules\\firebase-admin\\lib\\index.js"}} {"metadata":{"emulator":{"name":"functions"},"function":{"name":"us-central1-api"},"extension":{},"message":"[runtime-status] [12360] firebase-admin has been stubbed. {\"adminResolution\":{\"declared\":true,\"installed\":true,\"version\":\"10.3.0\",\"resolution\":\"C:\\\\Users\\\\Onkar Birajdar\\\\Desktop\\\\WebDev Project\\\\Amazon-clone\\\\functions\\\\node_modules\\\\firebase-admin\\\\lib\\\\index.js\"}}"}}
[debug] [2022-08-29T11:15:52.979Z] [runtime-status] [12360] Functions runtime initialized. {"cwd":"C:\\Users\\Onkar Birajdar\\Desktop\\WebDev Project\\Amazon-clone\\functions","node_version":"16.14.2"} {"metadata":{"emulator":{"name":"functions"},"function":{"name":"us-central1-api"},"extension":{},"message":"[runtime-status] [12360] Functions runtime initialized. {\"cwd\":\"C:\\\\Users\\\\Onkar Birajdar\\\\Desktop\\\\WebDev Project\\\\Amazon-clone\\\\functions\",\"node_version\":\"16.14.2\"}"}}
[debug] [2022-08-29T11:15:53.362Z] [runtime-status] [4564] Beginning invocation function api! {"metadata":{"emulator":{"name":"functions"},"function":{"name":"us-central1-api"},"extension":{},"message":"[runtime-status] [4564] Beginning invocation function api!"}}
[debug] [2022-08-29T11:15:53.362Z] [runtime-status] [12360] Beginning invocation function api! {"metadata":{"emulator":{"name":"functions"},"function":{"name":"us-central1-api"},"extension":{},"message":"[runtime-status] [12360] Beginning invocation function api!"}}
[info] i  functions: Beginning execution of "api" {"metadata":{"emulator":{"name":"functions"},"function":{"name":"us-central1-api"},"extension":{},"message":"Beginning execution of \"api\""}}
[debug] [2022-08-29T11:15:53.365Z] [runtime-status] [12360] Running api in signature http {"metadata":{"emulator":{"name":"functions"},"function":{"name":"us-central1-api"},"extension":{},"message":"[runtime-status] [12360] Running api in signature http"}}
[info] i  functions: Beginning execution of "api" {"metadata":{"emulator":{"name":"functions"},"function":{"name":"us-central1-api"},"extension":{},"message":"Beginning execution of \"api\""}}
[debug] [2022-08-29T11:15:53.368Z] [runtime-status] [4564] Running api in signature http {"metadata":{"emulator":{"name":"functions"},"function":{"name":"us-central1-api"},"extension":{},"message":"[runtime-status] [4564] Running api in signature http"}}
[debug] [2022-08-29T11:15:53.372Z] [runtime-status] [12360] Listening to port: \\?\pipe\fire_emu_c0a7228afef3bb32 {"metadata":{"emulator":{"name":"functions"},"function":{"name":"us-central1-api"},"extension":{},"message":"[runtime-status] [12360] Listening to port: \\\\?\\pipe\\fire_emu_c0a7228afef3bb32"}}
[debug] [2022-08-29T11:15:53.374Z] [runtime-status] [4564] Listening to port: \\?\pipe\fire_emu_d00c47007118070c {"metadata":{"emulator":{"name":"functions"},"function":{"name":"us-central1-api"},"extension":{},"message":"[runtime-status] [4564] Listening to port: \\\\?\\pipe\\fire_emu_d00c47007118070c"}}
[debug] [2022-08-29T11:15:53.402Z] [functions] Runtime ready! Sending request! {"metadata":{"emulator":{"name":"functions"},"message":"[functions] Runtime ready! Sending request!"}}
[debug] [2022-08-29T11:15:53.402Z] [functions] Got req.url=/clone-clash-coder-3d740/us-central1/api/payment/create?total=75288, mapping to path=/payment/create?total=75288 {"metadata":{"emulator":{"name":"functions"},"message":"[functions] Got req.url=/clone-clash-coder-3d740/us-central1/api/payment/create?total=75288, mapping to path=/payment/create?total=75288"}}
[debug] [2022-08-29T11:15:53.411Z] [functions] Runtime ready! Sending request! {"metadata":{"emulator":{"name":"functions"},"message":"[functions] Runtime ready! Sending request!"}}
[debug] [2022-08-29T11:15:53.411Z] [functions] Got req.url=/clone-clash-coder-3d740/us-central1/api/payment/create?total=75288, mapping to path=/payment/create?total=75288 {"metadata":{"emulator":{"name":"functions"},"message":"[functions] Got req.url=/clone-clash-coder-3d740/us-central1/api/payment/create?total=75288, mapping to path=/payment/create?total=75288"}}
[debug] [2022-08-29T11:15:53.413Z] [runtime-status] [4564] Ephemeral server handling POST request {"metadata":{"emulator":{"name":"functions"},"function":{"name":"us-central1-api"},"extension":{},"message":"[runtime-status] [4564] Ephemeral server handling POST request"}}
[info] >  payment request recieved BOOM! 75288 {"user":"payment request recieved BOOM! 75288","metadata":{"emulator":{"name":"functions"},"function":{"name":"us-central1-api"},"extension":{},"message":"\u001b[90m> \u001b[39m payment request recieved BOOM! 75288"}}
[debug] [2022-08-29T11:15:53.416Z] [runtime-status] [12360] Ephemeral server handling POST request {"metadata":{"emulator":{"name":"functions"},"function":{"name":"us-central1-api"},"extension":{},"message":"[runtime-status] [12360] Ephemeral server handling POST request"}}
[info] >  payment request recieved BOOM! 75288 {"user":"payment request recieved BOOM! 75288","metadata":{"emulator":{"name":"functions"},"function":{"name":"us-central1-api"},"extension":{},"message":"\u001b[90m> \u001b[39m payment request recieved BOOM! 75288"}}
[debug] [2022-08-29T11:15:53.428Z] [runtime-status] [4564] Ephemeral server survived. {"metadata":{"emulator":{"name":"functions"},"function":{"name":"us-central1-api"},"extension":{},"message":"[runtime-status] [4564] Ephemeral server survived."}}
[debug] [2022-08-29T11:15:53.437Z] [runtime-status] [12360] Ephemeral server survived. {"metadata":{"emulator":{"name":"functions"},"function":{"name":"us-central1-api"},"extension":{},"message":"[runtime-status] [12360] Ephemeral server survived."}}
[info] i  functions: Finished "api" in ~2s {"metadata":{"emulator":{"name":"functions"},"function":{"name":"us-central1-api"},"extension":{},"message":"Finished \"api\" in ~2s"}}
[debug] [2022-08-29T11:15:55.600Z] [worker-us-central1-api-867451aa-5243-43dd-b152-39e4aa8efc1a]: IDLE {"metadata":{"emulator":{"name":"functions"},"message":"[worker-us-central1-api-867451aa-5243-43dd-b152-39e4aa8efc1a]: IDLE"}}
[debug] [2022-08-29T11:15:55.601Z] [work-queue] {"queueLength":0,"workRunningCount":1}
[info] i  functions: Finished "api" in ~2s {"metadata":{"emulator":{"name":"functions"},"function":{"name":"us-central1-api"},"extension":{},"message":"Finished \"api\" in ~2s"}}
[debug] [2022-08-29T11:15:55.669Z] [worker-us-central1-api-e3fd8d82-6977-4a53-a79d-4d2b7e2c34a4]: IDLE {"metadata":{"emulator":{"name":"functions"},"message":"[worker-us-central1-api-e3fd8d82-6977-4a53-a79d-4d2b7e2c34a4]: IDLE"}}
[debug] [2022-08-29T11:15:55.669Z] [work-queue] {"queueLength":0,"workRunningCount":0}
